# Main walk
0:make_sec
1:make_sec
2:make_sec
3:make_sec
4:make_sec
5:make_sec
6:make_sec
7:make_sec
8:make_sec
9:make_sec
10:make_sec
11:make_sec
12:make_sec
13:make_sec
14:make_sec
15:make_sec
16:make_sec
17:make_sec
18:make_sec
19:make_sec
20:make_sec
21:make_sec
22:make_sec
23:make_sec
24:make_sec
25:make_sec
26:make_sec
27:make_sec
28:make_sec
29:make_sec
30:make_sec
31:make_sec
32:make_sec
33:make_sec
34:make_sec
35:make_sec
36:make_sec
37:make_sec
38:make_sec
39:make_sec
40:make_sec
41:make_sec
42:make_sec
43:make_sec
44:make_sec
45:make_sec
46:make_sec
47:make_sec
48:make_sec
49:make_sec
50:make_sec
51:make_sec
52:make_sec
53:make_sec
54:make_sec
55:make_sec
56:make_sec
57:make_sec
58:make_sec
59:make_sec
60:make_sec
60:make_minute
61:make_sec
62:make_sec
63:make_sec
64:make_sec
65:make_sec
66:make_sec
67:make_sec
68:make_sec
69:make_sec
70:make_sec
71:make_sec
72:make_sec
73:make_sec
74:make_sec
75:make_sec
76:make_sec
77:make_sec
78:make_sec
79:make_sec
80:make_sec
81:make_sec
82:make_sec
83:make_sec
84:make_sec
85:make_sec
86:make_sec
87:make_sec
88:make_sec
89:make_sec
90:make_sec
91:make_sec
92:make_sec
93:make_sec
94:make_sec
95:make_sec
96:make_sec
97:make_sec
98:make_sec
99:make_sec
100:make_sec
101:make_sec
102:make_sec
103:make_sec
104:make_sec
105:make_sec
106:make_sec
107:make_sec
108:make_sec
109:make_sec
110:make_sec
111:make_sec
112:make_sec
113:make_sec
114:make_sec
115:make_sec
116:make_sec
117:make_sec
118:make_sec
119:make_sec
120:make_minute
120:start_dream
180:start_dream_2
# No more process doable at cyle 241
# Stock :
#  clock => 0
#  second => 0
#  minute => 0
#  hour => 0
#  day => 0
#  year => 0
#  dream => 2
